<?xml version="1.0" encoding="UTF-8"?>
<!-- Generated by org.testng.reporters.JUnitReportReporter -->
<testsuite hostname="DESKTOP-E6383AM" failures="0" tests="1" name="TestLayer.LoginPageTest" time="27.459" errors="0" timestamp="2022-11-29T17:24:42 IST" skipped="0">
  <testcase classname="TestLayer.LoginPageTest" name="verifyLoginTest" time="27.459"/>
  <system-out/>
</testsuite> <!-- TestLayer.LoginPageTest -->
